<?xml version="1.0" encoding="UTF-8"?>
<testng-results ignored="0" total="1" passed="1" failed="0" skipped="0">
  <reporter-output>
    <line>
      <![CDATA[deleteCustomer]]>
    </line>
  </reporter-output>
  <suite started-at="2023-06-09T09:15:37Z" name="Suite" finished-at="2023-06-09T09:15:37Z" duration-ms="38">
    <groups>
    </groups>
    <test started-at="2023-06-09T09:15:37Z" name="Test" finished-at="2023-06-09T09:15:37Z" duration-ms="38">
      <class name="com.testscript.deleteCustomer">
        <test-method signature="testDeleteCustomer()[pri:0, instance:com.testscript.deleteCustomer@78e4deb0]" started-at="2023-06-09T09:15:37Z" name="testDeleteCustomer" finished-at="2023-06-09T09:15:37Z" duration-ms="12" status="PASS">
          <reporter-output>
            <line>
              <![CDATA[deleteCustomer]]>
            </line>
          </reporter-output>
        </test-method> <!-- testDeleteCustomer -->
      </class> <!-- com.testscript.deleteCustomer -->
    </test> <!-- Test -->
  </suite> <!-- Suite -->
</testng-results>
